RESKE (2015)


RETRIEVE DATA...


PERSON

GND-NR. NAME GEBURTSDATUM STERBEDATUM WIRKUNGSORT WIRKUNGSZEITRAUM
119837692 Wolfgang Stöckel 1473 1541 Leipzig | Wittenberg | Halle (Saale) | Dresden 
1037540638 Hans Frischmut   Halle (Saale) | Wittenberg 
115801103 Urban Gaubisch 1527 1612 Eisleben | Halle (Saale) 
136709524 Achatius Lieskau  1594 Halle (Saale) 
103753302X Wolfgang Meissner  1617 Leipzig | Wittenberg | Halle 
1037524675 Paul Gräber 15XX 16XX Halle (Saale) 
104298065 Johannes Rockstedius    
1037532902 Erasmus Hynitzsch  1611 Halle (Saale) 
1037504070 Christoph Bißmarck   Halle (Saale) 
1037504089 Christoph Bißmarck, Witwe   Halle (Saale) 
1037502094 Peter Schmidt   Halle (Saale) | Magdeburg 
103753381X Christoph Salfeld 1599 1670 Halle (Saale) 
1037532015 Marie Salfeld   Halle (Saale) 
123949564 Melchior Oelschlägel   Halle (Saale) 
1037517911 Johann Melchior Oelschlägel   Halle (Saale) | Merseburg 
1037524713 Johann Rappoldt   Halle (Saale) 
104150033 Christian Vester   Halle (Saale) 
120436329 David Salfeld 1652 1686 Halle (Saale) | Berlin 
1037533283 Maria Katharina Salfeld   Berlin | Berlin 
1037524721 Karl Walter   Halle (Saale) 
1037505905 Christoph Salfeld 1653 1703 Halle (Saale) 
103751128X Elisabeth Salfeld   Halle (Saale) | Magdeburg 
1037524683 Johann Andreas Salfeld 1665  Halle (Saale) | Naumburg (Saale) 
1037503570 Christian Henckel   Halle (Saale) 
1037505883 Christoph Andreas Zeitler   Halle (Saale) | Frankfurt (Oder) 
103752473X Josua Stegmann   Halle (Saale) 
128460334 Andreas Luppius 1654  Duisburg | Nimwegen | Wesel | Halle (Saale) | Berlin-Charlottenburg | Amsterdam 
1037505875 Johann Jakob Krebs 1658 1716 Halle (Saale) 
1037495748 Johann Grunert 1666 1731 Halle (Saale) 
